<?xml version="1.0" encoding="UTF-8"?>
<testsuites name="jest tests" tests="2677" failures="0" time="184.998">
  <testsuite name="handleEvent" errors="0" failures="0" skipped="0" timestamp="2019-11-15T11:47:21" time="8.581" tests="25">
    <testcase classname="handleEvent should dispatch channel updated event properly" name="handleEvent should dispatch channel updated event properly" time="0.003">
    </testcase>
    <testcase classname="handlePostEditEvent post edited" name="handlePostEditEvent post edited" time="0.002">
    </testcase>
    <testcase classname="handleUserRemovedEvent should close RHS" name="handleUserRemovedEvent should close RHS" time="0.002">
    </testcase>
    <testcase classname="handleUserRemovedEvent shouldn&apos;t remove the team user if the user have view members permissions" name="handleUserRemovedEvent shouldn&apos;t remove the team user if the user have view members permissions" time="0.001">
    </testcase>
    <testcase classname="handleUserRemovedEvent should remove the team user if the user doesn&apos;t have view members permissions" name="handleUserRemovedEvent should remove the team user if the user doesn&apos;t have view members permissions" time="0.001">
    </testcase>
    <testcase classname="handleUserRemovedEvent should load the remover_id user if is not available in the store" name="handleUserRemovedEvent should load the remover_id user if is not available in the store" time="0.001">
    </testcase>
    <testcase classname="handleUserRemovedEvent should not load the remover_id user if is available in the store" name="handleUserRemovedEvent should not load the remover_id user if is available in the store" time="0.001">
    </testcase>
    <testcase classname="handleUserRemovedEvent should redirect if the user removed is the current user from the current channel" name="handleUserRemovedEvent should redirect if the user removed is the current user from the current channel" time="0">
    </testcase>
    <testcase classname="handleUserRemovedEvent should not redirect if the user removed is not the current user or the channel is not the current channel, or the remover and the user is equal" name="handleUserRemovedEvent should not redirect if the user removed is not the current user or the channel is not the current channel, or the remover and the user is equal" time="0.004">
    </testcase>
    <testcase classname="handleNewPostEvent should receive post correctly" name="handleNewPostEvent should receive post correctly" time="0.001">
    </testcase>
    <testcase classname="handleNewPostEvent should set other user to online" name="handleNewPostEvent should set other user to online" time="0.002">
    </testcase>
    <testcase classname="handleNewPostEvent should not set other user to online if post was from autoresponder" name="handleNewPostEvent should not set other user to online if post was from autoresponder" time="0">
    </testcase>
    <testcase classname="handleNewPostEvents should receive multiple posts correctly" name="handleNewPostEvents should receive multiple posts correctly" time="0.001">
    </testcase>
    <testcase classname="reconnect should call syncPostsInChannel when socket reconnects" name="reconnect should call syncPostsInChannel when socket reconnects" time="0.001">
    </testcase>
    <testcase classname="handleUserTypingEvent should dispatch a TYPING event" name="handleUserTypingEvent should dispatch a TYPING event" time="0.001">
    </testcase>
    <testcase classname="handleUserTypingEvent should possibly load missing users" name="handleUserTypingEvent should possibly load missing users" time="0">
    </testcase>
    <testcase classname="handleUserTypingEvent should load statuses for users that are not online" name="handleUserTypingEvent should load statuses for users that are not online" time="0">
    </testcase>
    <testcase classname="handleUserTypingEvent should not load statuses for users that are online" name="handleUserTypingEvent should not load statuses for users that are online" time="0.001">
    </testcase>
    <testcase classname="handleChannelUpdatedEvent when a channel is updated" name="handleChannelUpdatedEvent when a channel is updated" time="0">
    </testcase>
    <testcase classname="handleChannelUpdatedEvent should not change URL when current channel is updated" name="handleChannelUpdatedEvent should not change URL when current channel is updated" time="0.001">
    </testcase>
    <testcase classname="handleChannelUpdatedEvent should not change URL when another channel is updated" name="handleChannelUpdatedEvent should not change URL when another channel is updated" time="0">
    </testcase>
    <testcase classname="handlePluginEnabled/handlePluginDisabled handlePluginEnabled when a plugin is enabled" name="handlePluginEnabled/handlePluginDisabled handlePluginEnabled when a plugin is enabled" time="0.003">
    </testcase>
    <testcase classname="handlePluginEnabled/handlePluginDisabled handlePluginEnabled when a plugin is upgraded" name="handlePluginEnabled/handlePluginDisabled handlePluginEnabled when a plugin is upgraded" time="0.002">
    </testcase>
    <testcase classname="handlePluginEnabled/handlePluginDisabled handlePluginDisabled when a plugin is disabled" name="handlePluginEnabled/handlePluginDisabled handlePluginDisabled when a plugin is disabled" time="0.002">
    </testcase>
    <testcase classname="handleLeaveTeam when a user leave a team" name="handleLeaveTeam when a user leave a team" time="0">
    </testcase>
  </testsuite>
  <testsuite name="PostUtils.containsAtChannel" errors="0" failures="0" skipped="0" timestamp="2019-11-15T11:47:30" time="1.492" tests="69">
    <testcase classname="PostUtils.containsAtChannel should return correct @all (same for @channel)" name="PostUtils.containsAtChannel should return correct @all (same for @channel)" time="0.006">
    </testcase>
    <testcase classname="PostUtils.shouldFocusMainTextbox basic cases" name="PostUtils.shouldFocusMainTextbox basic cases" time="0.001">
    </testcase>
    <testcase classname="PostUtils.postMessageOnKeyPress null/empty: Test for null event" name="PostUtils.postMessageOnKeyPress null/empty: Test for null event" time="0.001">
    </testcase>
    <testcase classname="PostUtils.postMessageOnKeyPress null/empty: Test for empty message" name="PostUtils.postMessageOnKeyPress null/empty: Test for empty message" time="0.001">
    </testcase>
    <testcase classname="PostUtils.postMessageOnKeyPress null/empty: Test for shiftKey event" name="PostUtils.postMessageOnKeyPress null/empty: Test for shiftKey event" time="0">
    </testcase>
    <testcase classname="PostUtils.postMessageOnKeyPress null/empty: Test for altKey event" name="PostUtils.postMessageOnKeyPress null/empty: Test for altKey event" time="0.001">
    </testcase>
    <testcase classname="PostUtils.postMessageOnKeyPress no override: Test no override setting" name="PostUtils.postMessageOnKeyPress no override: Test no override setting" time="0.001">
    </testcase>
    <testcase classname="PostUtils.postMessageOnKeyPress no override: empty message" name="PostUtils.postMessageOnKeyPress no override: empty message" time="0">
    </testcase>
    <testcase classname="PostUtils.postMessageOnKeyPress no override: empty message on ctrl + enter" name="PostUtils.postMessageOnKeyPress no override: empty message on ctrl + enter" time="0.001">
    </testcase>
    <testcase classname="PostUtils.postMessageOnKeyPress sendMessageOnCtrlEnter: Test for overriding sending of message on CTRL+ENTER, no ctrlKey|metaKey" name="PostUtils.postMessageOnKeyPress sendMessageOnCtrlEnter: Test for overriding sending of message on CTRL+ENTER, no ctrlKey|metaKey" time="0.001">
    </testcase>
    <testcase classname="PostUtils.postMessageOnKeyPress sendMessageOnCtrlEnter: Test for overriding sending of message on CTRL+ENTER, no ctrlKey|metaKey, with opening backticks" name="PostUtils.postMessageOnKeyPress sendMessageOnCtrlEnter: Test for overriding sending of message on CTRL+ENTER, no ctrlKey|metaKey, with opening backticks" time="0">
    </testcase>
    <testcase classname="PostUtils.postMessageOnKeyPress sendMessageOnCtrlEnter: Test for overriding sending of message on CTRL+ENTER, no ctrlKey|metaKey, with opening backticks" name="PostUtils.postMessageOnKeyPress sendMessageOnCtrlEnter: Test for overriding sending of message on CTRL+ENTER, no ctrlKey|metaKey, with opening backticks" time="0.001">
    </testcase>
    <testcase classname="PostUtils.postMessageOnKeyPress sendMessageOnCtrlEnter: Test for overriding sending of message on CTRL+ENTER, no ctrlKey|metaKey, with opening backticks" name="PostUtils.postMessageOnKeyPress sendMessageOnCtrlEnter: Test for overriding sending of message on CTRL+ENTER, no ctrlKey|metaKey, with opening backticks" time="0.001">
    </testcase>
    <testcase classname="PostUtils.postMessageOnKeyPress sendMessageOnCtrlEnter: Test for overriding sending of message on CTRL+ENTER, no ctrlKey|metaKey, with opening and closing backticks" name="PostUtils.postMessageOnKeyPress sendMessageOnCtrlEnter: Test for overriding sending of message on CTRL+ENTER, no ctrlKey|metaKey, with opening and closing backticks" time="0">
    </testcase>
    <testcase classname="PostUtils.postMessageOnKeyPress sendMessageOnCtrlEnter: Test for overriding sending of message on CTRL+ENTER, with ctrlKey" name="PostUtils.postMessageOnKeyPress sendMessageOnCtrlEnter: Test for overriding sending of message on CTRL+ENTER, with ctrlKey" time="0.001">
    </testcase>
    <testcase classname="PostUtils.postMessageOnKeyPress sendMessageOnCtrlEnter: Test for overriding sending of message on CTRL+ENTER, with metaKey" name="PostUtils.postMessageOnKeyPress sendMessageOnCtrlEnter: Test for overriding sending of message on CTRL+ENTER, with metaKey" time="0">
    </testcase>
    <testcase classname="PostUtils.postMessageOnKeyPress sendMessageOnCtrlEnter: Test for overriding sending of message on CTRL+ENTER, with ctrlKey, with opening backticks" name="PostUtils.postMessageOnKeyPress sendMessageOnCtrlEnter: Test for overriding sending of message on CTRL+ENTER, with ctrlKey, with opening backticks" time="0.005">
    </testcase>
    <testcase classname="PostUtils.postMessageOnKeyPress sendMessageOnCtrlEnter: Test for overriding sending of message on CTRL+ENTER, with ctrlKey, with opening backticks, with language set" name="PostUtils.postMessageOnKeyPress sendMessageOnCtrlEnter: Test for overriding sending of message on CTRL+ENTER, with ctrlKey, with opening backticks, with language set" time="0">
    </testcase>
    <testcase classname="PostUtils.postMessageOnKeyPress sendMessageOnCtrlEnter: Test for overriding sending of message on CTRL+ENTER, with ctrlKey, with opening backticks" name="PostUtils.postMessageOnKeyPress sendMessageOnCtrlEnter: Test for overriding sending of message on CTRL+ENTER, with ctrlKey, with opening backticks" time="0.001">
    </testcase>
    <testcase classname="PostUtils.postMessageOnKeyPress sendMessageOnCtrlEnter: Test for overriding sending of message on CTRL+ENTER, with ctrlKey, with opening backticks" name="PostUtils.postMessageOnKeyPress sendMessageOnCtrlEnter: Test for overriding sending of message on CTRL+ENTER, with ctrlKey, with opening backticks" time="0">
    </testcase>
    <testcase classname="PostUtils.postMessageOnKeyPress sendMessageOnCtrlEnter: Test for overriding sending of message on CTRL+ENTER, with ctrlKey, with opening backticks, with line break on last line" name="PostUtils.postMessageOnKeyPress sendMessageOnCtrlEnter: Test for overriding sending of message on CTRL+ENTER, with ctrlKey, with opening backticks, with line break on last line" time="0.001">
    </testcase>
    <testcase classname="PostUtils.postMessageOnKeyPress sendMessageOnCtrlEnter: Test for overriding sending of message on CTRL+ENTER, with ctrlKey, with opening backticks, with multiple line breaks on last lines" name="PostUtils.postMessageOnKeyPress sendMessageOnCtrlEnter: Test for overriding sending of message on CTRL+ENTER, with ctrlKey, with opening backticks, with multiple line breaks on last lines" time="0">
    </testcase>
    <testcase classname="PostUtils.postMessageOnKeyPress sendMessageOnCtrlEnter: Test for overriding sending of message on CTRL+ENTER, with ctrlKey, with opening and closing backticks" name="PostUtils.postMessageOnKeyPress sendMessageOnCtrlEnter: Test for overriding sending of message on CTRL+ENTER, with ctrlKey, with opening and closing backticks" time="0.001">
    </testcase>
    <testcase classname="PostUtils.postMessageOnKeyPress sendMessageOnCtrlEnter: Test for overriding sending of message on CTRL+ENTER, with ctrlKey, with opening and closing backticks, with language set" name="PostUtils.postMessageOnKeyPress sendMessageOnCtrlEnter: Test for overriding sending of message on CTRL+ENTER, with ctrlKey, with opening and closing backticks, with language set" time="0">
    </testcase>
    <testcase classname="PostUtils.postMessageOnKeyPress sendMessageOnCtrlEnter: Test for overriding sending of message on CTRL+ENTER, with ctrlKey, with inline opening backticks" name="PostUtils.postMessageOnKeyPress sendMessageOnCtrlEnter: Test for overriding sending of message on CTRL+ENTER, with ctrlKey, with inline opening backticks" time="0">
    </testcase>
    <testcase classname="PostUtils.postMessageOnKeyPress sendCodeBlockOnCtrlEnter: Test for overriding sending of code block on CTRL+ENTER, no ctrlKey|metaKey, without opening backticks" name="PostUtils.postMessageOnKeyPress sendCodeBlockOnCtrlEnter: Test for overriding sending of code block on CTRL+ENTER, no ctrlKey|metaKey, without opening backticks" time="0.001">
    </testcase>
    <testcase classname="PostUtils.postMessageOnKeyPress sendCodeBlockOnCtrlEnter: Test for overriding sending of code block on CTRL+ENTER, no ctrlKey|metaKey, with opening backticks" name="PostUtils.postMessageOnKeyPress sendCodeBlockOnCtrlEnter: Test for overriding sending of code block on CTRL+ENTER, no ctrlKey|metaKey, with opening backticks" time="0.001">
    </testcase>
    <testcase classname="PostUtils.postMessageOnKeyPress sendCodeBlockOnCtrlEnter: Test for overriding sending of code block on CTRL+ENTER, no ctrlKey|metaKey, with opening backticks" name="PostUtils.postMessageOnKeyPress sendCodeBlockOnCtrlEnter: Test for overriding sending of code block on CTRL+ENTER, no ctrlKey|metaKey, with opening backticks" time="0">
    </testcase>
    <testcase classname="PostUtils.postMessageOnKeyPress sendCodeBlockOnCtrlEnter: Test for overriding sending of code block on CTRL+ENTER, no ctrlKey|metaKey, with opening backticks" name="PostUtils.postMessageOnKeyPress sendCodeBlockOnCtrlEnter: Test for overriding sending of code block on CTRL+ENTER, no ctrlKey|metaKey, with opening backticks" time="0.001">
    </testcase>
    <testcase classname="PostUtils.postMessageOnKeyPress sendCodeBlockOnCtrlEnter: Test for overriding sending of code block on CTRL+ENTER, no ctrlKey|metaKey, with opening backticks" name="PostUtils.postMessageOnKeyPress sendCodeBlockOnCtrlEnter: Test for overriding sending of code block on CTRL+ENTER, no ctrlKey|metaKey, with opening backticks" time="0.001">
    </testcase>
    <testcase classname="PostUtils.postMessageOnKeyPress sendCodeBlockOnCtrlEnter: Test for overriding sending of code block on CTRL+ENTER, with ctrlKey, without opening backticks" name="PostUtils.postMessageOnKeyPress sendCodeBlockOnCtrlEnter: Test for overriding sending of code block on CTRL+ENTER, with ctrlKey, without opening backticks" time="0.001">
    </testcase>
    <testcase classname="PostUtils.postMessageOnKeyPress sendCodeBlockOnCtrlEnter: Test for overriding sending of code block on CTRL+ENTER, with metaKey, without opening backticks" name="PostUtils.postMessageOnKeyPress sendCodeBlockOnCtrlEnter: Test for overriding sending of code block on CTRL+ENTER, with metaKey, without opening backticks" time="0">
    </testcase>
    <testcase classname="PostUtils.postMessageOnKeyPress sendCodeBlockOnCtrlEnter: Test for overriding sending of code block on CTRL+ENTER, with ctrlKey, with line break" name="PostUtils.postMessageOnKeyPress sendCodeBlockOnCtrlEnter: Test for overriding sending of code block on CTRL+ENTER, with ctrlKey, with line break" time="0.001">
    </testcase>
    <testcase classname="PostUtils.postMessageOnKeyPress sendCodeBlockOnCtrlEnter: Test for overriding sending of code block on CTRL+ENTER, with ctrlKey, with multiple line breaks" name="PostUtils.postMessageOnKeyPress sendCodeBlockOnCtrlEnter: Test for overriding sending of code block on CTRL+ENTER, with ctrlKey, with multiple line breaks" time="0">
    </testcase>
    <testcase classname="PostUtils.postMessageOnKeyPress sendCodeBlockOnCtrlEnter: Test for overriding sending of code block on CTRL+ENTER, with ctrlKey, with opening backticks" name="PostUtils.postMessageOnKeyPress sendCodeBlockOnCtrlEnter: Test for overriding sending of code block on CTRL+ENTER, with ctrlKey, with opening backticks" time="0.001">
    </testcase>
    <testcase classname="PostUtils.postMessageOnKeyPress sendCodeBlockOnCtrlEnter: Test for overriding sending of code block on CTRL+ENTER, with ctrlKey, with opening backticks, with language set" name="PostUtils.postMessageOnKeyPress sendCodeBlockOnCtrlEnter: Test for overriding sending of code block on CTRL+ENTER, with ctrlKey, with opening backticks, with language set" time="0">
    </testcase>
    <testcase classname="PostUtils.postMessageOnKeyPress sendCodeBlockOnCtrlEnter: Test for overriding sending of code block on CTRL+ENTER, with ctrlKey, with opening and closing backticks, with language set" name="PostUtils.postMessageOnKeyPress sendCodeBlockOnCtrlEnter: Test for overriding sending of code block on CTRL+ENTER, with ctrlKey, with opening and closing backticks, with language set" time="0.001">
    </testcase>
    <testcase classname="PostUtils.postMessageOnKeyPress sendCodeBlockOnCtrlEnter: Test for overriding sending of code block on CTRL+ENTER, with ctrlKey, with opening and closing backticks" name="PostUtils.postMessageOnKeyPress sendCodeBlockOnCtrlEnter: Test for overriding sending of code block on CTRL+ENTER, with ctrlKey, with opening and closing backticks" time="0">
    </testcase>
    <testcase classname="PostUtils.postMessageOnKeyPress sendCodeBlockOnCtrlEnter: Test for overriding sending of code block on CTRL+ENTER, with ctrlKey, with opening backticks, with last line of empty spaces" name="PostUtils.postMessageOnKeyPress sendCodeBlockOnCtrlEnter: Test for overriding sending of code block on CTRL+ENTER, with ctrlKey, with opening backticks, with last line of empty spaces" time="0.001">
    </testcase>
    <testcase classname="PostUtils.postMessageOnKeyPress sendCodeBlockOnCtrlEnter: Test for overriding sending of code block on CTRL+ENTER, with ctrlKey, with opening backticks, with empty line break on last line" name="PostUtils.postMessageOnKeyPress sendCodeBlockOnCtrlEnter: Test for overriding sending of code block on CTRL+ENTER, with ctrlKey, with opening backticks, with empty line break on last line" time="0">
    </testcase>
    <testcase classname="PostUtils.postMessageOnKeyPress sendCodeBlockOnCtrlEnter: Test for overriding sending of code block on CTRL+ENTER, with ctrlKey, with opening backticks, with multiple empty line breaks on last lines" name="PostUtils.postMessageOnKeyPress sendCodeBlockOnCtrlEnter: Test for overriding sending of code block on CTRL+ENTER, with ctrlKey, with opening backticks, with multiple empty line breaks on last lines" time="0.001">
    </testcase>
    <testcase classname="PostUtils.postMessageOnKeyPress sendCodeBlockOnCtrlEnter: Test for overriding sending of code block on CTRL+ENTER, with ctrlKey, with opening backticks, with multiple empty line breaks and spaces on last lines" name="PostUtils.postMessageOnKeyPress sendCodeBlockOnCtrlEnter: Test for overriding sending of code block on CTRL+ENTER, with ctrlKey, with opening backticks, with multiple empty line breaks and spaces on last lines" time="0">
    </testcase>
    <testcase classname="PostUtils.postMessageOnKeyPress sendCodeBlockOnCtrlEnter: Test for overriding sending of code block on CTRL+ENTER, with ctrlKey, with opening backticks, without line break on last line" name="PostUtils.postMessageOnKeyPress sendCodeBlockOnCtrlEnter: Test for overriding sending of code block on CTRL+ENTER, with ctrlKey, with opening backticks, without line break on last line" time="0.001">
    </testcase>
    <testcase classname="PostUtils.postMessageOnKeyPress sendCodeBlockOnCtrlEnter: Test for overriding sending of code block on CTRL+ENTER, with ctrlKey, with inline opening backticks" name="PostUtils.postMessageOnKeyPress sendCodeBlockOnCtrlEnter: Test for overriding sending of code block on CTRL+ENTER, with ctrlKey, with inline opening backticks" time="0">
    </testcase>
    <testcase classname="PostUtils.postMessageOnKeyPress now unspecified, last channel switch unspecified" name="PostUtils.postMessageOnKeyPress now unspecified, last channel switch unspecified" time="0.001">
    </testcase>
    <testcase classname="PostUtils.postMessageOnKeyPress now specified, last channel switch unspecified" name="PostUtils.postMessageOnKeyPress now specified, last channel switch unspecified" time="0">
    </testcase>
    <testcase classname="PostUtils.postMessageOnKeyPress now specified, last channel switch unspecified" name="PostUtils.postMessageOnKeyPress now specified, last channel switch unspecified" time="0.001">
    </testcase>
    <testcase classname="PostUtils.postMessageOnKeyPress last channel switch within threshold" name="PostUtils.postMessageOnKeyPress last channel switch within threshold" time="0">
    </testcase>
    <testcase classname="PostUtils.postMessageOnKeyPress last channel switch at threshold" name="PostUtils.postMessageOnKeyPress last channel switch at threshold" time="0.001">
    </testcase>
    <testcase classname="PostUtils.postMessageOnKeyPress last channel switch outside threshold" name="PostUtils.postMessageOnKeyPress last channel switch outside threshold" time="0">
    </testcase>
    <testcase classname="PostUtils.postMessageOnKeyPress last channel switch well outside threshold" name="PostUtils.postMessageOnKeyPress last channel switch well outside threshold" time="0">
    </testcase>
    <testcase classname="PostUtils.getOldestPostId Should not return LOAD_OLDER_MESSAGES_TRIGGER" name="PostUtils.getOldestPostId Should not return LOAD_OLDER_MESSAGES_TRIGGER" time="0.001">
    </testcase>
    <testcase classname="PostUtils.getOldestPostId Should not return OLDER_MESSAGES_LOADER" name="PostUtils.getOldestPostId Should not return OLDER_MESSAGES_LOADER" time="0">
    </testcase>
    <testcase classname="PostUtils.getOldestPostId Should not return CHANNEL_INTRO_MESSAGE" name="PostUtils.getOldestPostId Should not return CHANNEL_INTRO_MESSAGE" time="0.001">
    </testcase>
    <testcase classname="PostUtils.getOldestPostId Should not return dateline" name="PostUtils.getOldestPostId Should not return dateline" time="0">
    </testcase>
    <testcase classname="PostUtils.getOldestPostId Should not return START_OF_NEW_MESSAGES" name="PostUtils.getOldestPostId Should not return START_OF_NEW_MESSAGES" time="0.003">
    </testcase>
    <testcase classname="PostUtils.getPreviousPostId Should skip dateline" name="PostUtils.getPreviousPostId Should skip dateline" time="0.001">
    </testcase>
    <testcase classname="PostUtils.getPreviousPostId Should skip START_OF_NEW_MESSAGES" name="PostUtils.getPreviousPostId Should skip START_OF_NEW_MESSAGES" time="0">
    </testcase>
    <testcase classname="PostUtils.getPreviousPostId Should return first postId from combined system messages" name="PostUtils.getPreviousPostId Should return first postId from combined system messages" time="0">
    </testcase>
    <testcase classname="PostUtils.getLatestPostId Should not return LOAD_OLDER_MESSAGES_TRIGGER" name="PostUtils.getLatestPostId Should not return LOAD_OLDER_MESSAGES_TRIGGER" time="0.001">
    </testcase>
    <testcase classname="PostUtils.getLatestPostId Should not return OLDER_MESSAGES_LOADER" name="PostUtils.getLatestPostId Should not return OLDER_MESSAGES_LOADER" time="0">
    </testcase>
    <testcase classname="PostUtils.getLatestPostId Should not return CHANNEL_INTRO_MESSAGE" name="PostUtils.getLatestPostId Should not return CHANNEL_INTRO_MESSAGE" time="0.001">
    </testcase>
    <testcase classname="PostUtils.getLatestPostId Should not return dateline" name="PostUtils.getLatestPostId Should not return dateline" time="0">
    </testcase>
    <testcase classname="PostUtils.getLatestPostId Should not return START_OF_NEW_MESSAGES" name="PostUtils.getLatestPostId Should not return START_OF_NEW_MESSAGES" time="0">
    </testcase>
    <testcase classname="PostUtils.getLatestPostId Should return first postId from combined system messages" name="PostUtils.getLatestPostId Should return first postId from combined system messages" time="0.001">
    </testcase>
    <testcase classname="PostUtils.createAriaLabelForPost Should show username, timestamp, message, attachments, reactions, flagged and pinned" name="PostUtils.createAriaLabelForPost Should show username, timestamp, message, attachments, reactions, flagged and pinned" time="0.028">
    </testcase>
    <testcase classname="PostUtils.createAriaLabelForPost Should show that message is a reply" name="PostUtils.createAriaLabelForPost Should show that message is a reply" time="0.001">
    </testcase>
    <testcase classname="PostUtils.createAriaLabelForPost Should translate emoji into {emoji-name} emoji" name="PostUtils.createAriaLabelForPost Should translate emoji into {emoji-name} emoji" time="0.002">
    </testcase>
    <testcase classname="PostUtils.splitMessageBasedOnCaretPosition should return an object with two strings when given context and message" name="PostUtils.splitMessageBasedOnCaretPosition should return an object with two strings when given context and message" time="0.001">
    </testcase>
  </testsuite>
  <testsuite name="components/IntlProvider" errors="0" failures="0" skipped="0" timestamp="2019-11-15T11:47:31" time="0.508" tests="7">
    <testcase classname="components/IntlProvider should render children when passed translation strings" name="components/IntlProvider should render children when passed translation strings" time="0.015">
    </testcase>
    <testcase classname="components/IntlProvider should render children when passed translation strings for a non-default locale" name="components/IntlProvider should render children when passed translation strings for a non-default locale" time="0.002">
    </testcase>
    <testcase classname="components/IntlProvider should render null when missing translation strings" name="components/IntlProvider should render null when missing translation strings" time="0.001">
    </testcase>
    <testcase classname="components/IntlProvider on mount, should attempt to load missing translations" name="components/IntlProvider on mount, should attempt to load missing translations" time="0.09">
    </testcase>
    <testcase classname="components/IntlProvider on mount, should not attempt to load when given translations" name="components/IntlProvider on mount, should not attempt to load when given translations" time="0.001">
    </testcase>
    <testcase classname="components/IntlProvider on locale change, should attempt to load missing translations" name="components/IntlProvider on locale change, should attempt to load missing translations" time="0.002">
    </testcase>
    <testcase classname="components/IntlProvider on locale change, should not attempt to load when given translations" name="components/IntlProvider on locale change, should not attempt to load when given translations" time="0.001">
    </testcase>
  </testsuite>
  <testsuite name="components/Root" errors="0" failures="0" skipped="0" timestamp="2019-11-15T11:47:32" time="18.76" tests="5">
    <testcase classname="components/Root should load config and license on mount and redirect to sign-up page" name="components/Root should load config and license on mount and redirect to sign-up page" time="0.006">
    </testcase>
    <testcase classname="components/Root should load user, config, and license on mount and redirect to defaultTeam on success" name="components/Root should load user, config, and license on mount and redirect to defaultTeam on success" time="0.001">
    </testcase>
    <testcase classname="components/Root should load user, config, and license on mount and should not redirect to defaultTeam id pathname is not root" name="components/Root should load user, config, and license on mount and should not redirect to defaultTeam id pathname is not root" time="0.001">
    </testcase>
    <testcase classname="components/Root should load config and enable dev mode features" name="components/Root should load config and enable dev mode features" time="0.002">
    </testcase>
    <testcase classname="components/Root should load config and not enable dev mode features" name="components/Root should load config and not enable dev mode features" time="0.003">
    </testcase>
  </testsuite>
  <testsuite name="components/needs_team" errors="0" failures="0" skipped="0" timestamp="2019-11-15T11:47:51" time="0.501" tests="4">
    <testcase classname="components/needs_team should match snapshots for init with existing team" name="components/needs_team should match snapshots for init with existing team" time="0.008">
    </testcase>
    <testcase classname="components/needs_team check for addUserToTeam call if team does not exist" name="components/needs_team check for addUserToTeam call if team does not exist" time="0.002">
    </testcase>
    <testcase classname="components/needs_team test for redirection if addUserToTeam api fails" name="components/needs_team test for redirection if addUserToTeam api fails" time="0.001">
    </testcase>
    <testcase classname="components/needs_team test for team join flow with new switch" name="components/needs_team test for team join flow with new switch" time="0.003">
    </testcase>
  </testsuite>
  <testsuite name="components/channel_layout/ChannelController" errors="0" failures="0" skipped="0" timestamp="2019-11-15T11:47:51" time="0.442" tests="6">
    <testcase classname="components/channel_layout/ChannelController Should have app__body and channel-view classes on body after mount" name="components/channel_layout/ChannelController Should have app__body and channel-view classes on body after mount" time="0.003">
    </testcase>
    <testcase classname="components/channel_layout/ChannelController Should have os--windows class on body for windows 32" name="components/channel_layout/ChannelController Should have os--windows class on body for windows 32" time="0.001">
    </testcase>
    <testcase classname="components/channel_layout/ChannelController Should have os--windows class on body for windows 64" name="components/channel_layout/ChannelController Should have os--windows class on body for windows 64" time="0.001">
    </testcase>
    <testcase classname="components/channel_layout/ChannelController Should have os--mac class on body for MacIntel" name="components/channel_layout/ChannelController Should have os--mac class on body for MacIntel" time="0.001">
    </testcase>
    <testcase classname="components/channel_layout/ChannelController Should have os--mac class on body for MacPPC" name="components/channel_layout/ChannelController Should have os--mac class on body for MacPPC" time="0">
    </testcase>
    <testcase classname="components/channel_layout/ChannelController Should remove app__body and channel-view classes on body on unmount" name="components/channel_layout/ChannelController Should remove app__body and channel-view classes on body on unmount" time="0.002">
    </testcase>
  </testsuite>
  <testsuite name="PostBodyAdditionalContent" errors="0" failures="0" skipped="0" timestamp="2019-11-15T11:47:52" time="0.53" tests="16">
    <testcase classname="PostBodyAdditionalContent with an image preview should render correctly" name="PostBodyAdditionalContent with an image preview should render correctly" time="0.017">
    </testcase>
    <testcase classname="PostBodyAdditionalContent with an image preview should render the toggle after a message containing more than just a link" name="PostBodyAdditionalContent with an image preview should render the toggle after a message containing more than just a link" time="0.001">
    </testcase>
    <testcase classname="PostBodyAdditionalContent with an image preview should not render content when isEmbedVisible is false" name="PostBodyAdditionalContent with an image preview should not render content when isEmbedVisible is false" time="0.003">
    </testcase>
    <testcase classname="PostBodyAdditionalContent with a message attachment should render correctly" name="PostBodyAdditionalContent with a message attachment should render correctly" time="0.005">
    </testcase>
    <testcase classname="PostBodyAdditionalContent with a message attachment should render content when isEmbedVisible is false" name="PostBodyAdditionalContent with a message attachment should render content when isEmbedVisible is false" time="0.002">
    </testcase>
    <testcase classname="PostBodyAdditionalContent with an opengraph preview should render correctly" name="PostBodyAdditionalContent with an opengraph preview should render correctly" time="0.003">
    </testcase>
    <testcase classname="PostBodyAdditionalContent with an opengraph preview should render the toggle after a message containing more than just a link" name="PostBodyAdditionalContent with an opengraph preview should render the toggle after a message containing more than just a link" time="0.001">
    </testcase>
    <testcase classname="PostBodyAdditionalContent with an opengraph preview should render content when isEmbedVisible is false" name="PostBodyAdditionalContent with an opengraph preview should render content when isEmbedVisible is false" time="0.002">
    </testcase>
    <testcase classname="PostBodyAdditionalContent with a YouTube video should render correctly" name="PostBodyAdditionalContent with a YouTube video should render correctly" time="0.003">
    </testcase>
    <testcase classname="PostBodyAdditionalContent with a YouTube video should render the toggle after a message containing more than just a link" name="PostBodyAdditionalContent with a YouTube video should render the toggle after a message containing more than just a link" time="0.001">
    </testcase>
    <testcase classname="PostBodyAdditionalContent with a YouTube video should not render content when isEmbedVisible is false" name="PostBodyAdditionalContent with a YouTube video should not render content when isEmbedVisible is false" time="0.002">
    </testcase>
    <testcase classname="PostBodyAdditionalContent with a normal link Should render nothing if the registered plugins don&apos;t match" name="PostBodyAdditionalContent with a normal link Should render nothing if the registered plugins don&apos;t match" time="0.003">
    </testcase>
    <testcase classname="PostBodyAdditionalContent with a normal link Should render the plugin component if it matches and is toggeable" name="PostBodyAdditionalContent with a normal link Should render the plugin component if it matches and is toggeable" time="0.008">
    </testcase>
    <testcase classname="PostBodyAdditionalContent with a normal link Should render the plugin component if it matches and is not toggeable" name="PostBodyAdditionalContent with a normal link Should render the plugin component if it matches and is not toggeable" time="0.004">
    </testcase>
    <testcase classname="PostBodyAdditionalContent with a normal link Should render nothing if the plugin matches but isEmbedVisible is false" name="PostBodyAdditionalContent with a normal link Should render nothing if the plugin matches but isEmbedVisible is false" time="0.002">
    </testcase>
    <testcase classname="PostBodyAdditionalContent should call toggleEmbedVisibility with post id" name="PostBodyAdditionalContent should call toggleEmbedVisibility with post id" time="0">
    </testcase>
  </testsuite>
  <testsuite name="components/admin_console/admin_definition" errors="0" failures="0" skipped="0" timestamp="2019-11-15T11:47:52" time="7.739" tests="1">
    <testcase classname="components/admin_console/admin_definition should pass all validations checks" name="components/admin_console/admin_definition should pass all validations checks" time="0.113">
    </testcase>
  </testsuite>
  <testsuite name="components/Menu" errors="0" failures="0" skipped="0" timestamp="2019-11-15T11:48:00" time="0.411" tests="6">
    <testcase classname="components/Menu should match snapshot" name="components/Menu should match snapshot" time="0.004">
    </testcase>
    <testcase classname="components/Menu should match snapshot with id" name="components/Menu should match snapshot with id" time="0.002">
    </testcase>
    <testcase classname="components/Menu should match snapshot with openLeft and openUp when is mobile" name="components/Menu should match snapshot with openLeft and openUp when is mobile" time="0.001">
    </testcase>
    <testcase classname="components/Menu should match snapshot with openLeft and openUp" name="components/Menu should match snapshot with openLeft and openUp" time="0.002">
    </testcase>
    <testcase classname="components/Menu should hide the correct dividers" name="components/Menu should hide the correct dividers" time="0.006">
    </testcase>
    <testcase classname="components/Menu should hide the correct dividers on mobile" name="components/Menu should hide the correct dividers on mobile" time="0.004">
    </testcase>
  </testsuite>
  <testsuite name="components/post_view/post_list" errors="0" failures="0" skipped="0" timestamp="2019-11-15T11:48:00" time="0.547" tests="18">
    <testcase classname="components/post_view/post_list snapshot for loading when there are no posts" name="components/post_view/post_list snapshot for loading when there are no posts" time="0.003">
    </testcase>
    <testcase classname="components/post_view/post_list snapshot with couple of posts" name="components/post_view/post_list snapshot with couple of posts" time="0.002">
    </testcase>
    <testcase classname="components/post_view/post_list Should call postsOnLoad" name="components/post_view/post_list Should call postsOnLoad" time="0.001">
    </testcase>
    <testcase classname="components/post_view/post_list Should call for before and afterPosts" name="components/post_view/post_list Should call for before and afterPosts" time="0.008">
    </testcase>
    <testcase classname="components/post_view/post_list VirtPostList Should have formattedPostIds as prop" name="components/post_view/post_list VirtPostList Should have formattedPostIds as prop" time="0.002">
    </testcase>
    <testcase classname="components/post_view/post_list getOldestVisiblePostId and getLatestVisiblePostId should return based on postListIds" name="components/post_view/post_list getOldestVisiblePostId and getLatestVisiblePostId should return based on postListIds" time="0.001">
    </testcase>
    <testcase classname="components/post_view/post_list Should call for permalink posts" name="components/post_view/post_list Should call for permalink posts" time="0.001">
    </testcase>
    <testcase classname="components/post_view/post_list Should call for loadLatestPosts" name="components/post_view/post_list Should call for loadLatestPosts" time="0.001">
    </testcase>
    <testcase classname="components/post_view/post_list getPostsSince should call getPostsSince on channel switch" name="components/post_view/post_list getPostsSince should call getPostsSince on channel switch" time="0.002">
    </testcase>
    <testcase classname="components/post_view/post_list canLoadMorePosts Should not call loadLatestPosts if postListIds is empty" name="components/post_view/post_list canLoadMorePosts Should not call loadLatestPosts if postListIds is empty" time="0.001">
    </testcase>
    <testcase classname="components/post_view/post_list canLoadMorePosts Should not call loadPosts if olderPosts or newerPosts are loading" name="components/post_view/post_list canLoadMorePosts Should not call loadPosts if olderPosts or newerPosts are loading" time="0.003">
    </testcase>
    <testcase classname="components/post_view/post_list canLoadMorePosts Should not call loadPosts if there were more than MAX_EXTRA_PAGES_LOADED" name="components/post_view/post_list canLoadMorePosts Should not call loadPosts if there were more than MAX_EXTRA_PAGES_LOADED" time="0.002">
    </testcase>
    <testcase classname="components/post_view/post_list canLoadMorePosts Should call getPostsBefore if not all older posts are loaded" name="components/post_view/post_list canLoadMorePosts Should call getPostsBefore if not all older posts are loaded" time="0.002">
    </testcase>
    <testcase classname="components/post_view/post_list canLoadMorePosts Should call getPostsAfter if all older posts are loaded and not newerPosts" name="components/post_view/post_list canLoadMorePosts Should call getPostsAfter if all older posts are loaded and not newerPosts" time="0.003">
    </testcase>
    <testcase classname="components/post_view/post_list canLoadMorePosts Should call getPostsAfter canLoadMorePosts is requested with AFTER_ID" name="components/post_view/post_list canLoadMorePosts Should call getPostsAfter canLoadMorePosts is requested with AFTER_ID" time="0.005">
    </testcase>
    <testcase classname="components/post_view/post_list Auto retry of load more posts Should retry loadPosts on failure of loadPosts" name="components/post_view/post_list Auto retry of load more posts Should retry loadPosts on failure of loadPosts" time="0.002">
    </testcase>
    <testcase classname="components/post_view/post_list markChannelAsReadAndViewed Should call markChannelAsReadAndViewed on postsOnLoad" name="components/post_view/post_list markChannelAsReadAndViewed Should call markChannelAsReadAndViewed on postsOnLoad" time="0.001">
    </testcase>
    <testcase classname="components/post_view/post_list markChannelAsReadAndViewed Should not call markChannelAsReadAndViewed as it is a permalink" name="components/post_view/post_list markChannelAsReadAndViewed Should not call markChannelAsReadAndViewed as it is a permalink" time="0.001">
    </testcase>
  </testsuite>
  <testsuite name="AdminConsolePluginsIndex.getPluginEntries" errors="0" failures="0" skipped="0" timestamp="2019-11-15T11:48:01" time="0.429" tests="9">
    <testcase classname="AdminConsolePluginsIndex.getPluginEntries should return an empty map in case of plugins is undefined" name="AdminConsolePluginsIndex.getPluginEntries should return an empty map in case of plugins is undefined" time="0.002">
    </testcase>
    <testcase classname="AdminConsolePluginsIndex.getPluginEntries should return an empty map in case of plugins is null" name="AdminConsolePluginsIndex.getPluginEntries should return an empty map in case of plugins is null" time="0">
    </testcase>
    <testcase classname="AdminConsolePluginsIndex.getPluginEntries should return an empty map in case of plugins is empty" name="AdminConsolePluginsIndex.getPluginEntries should return an empty map in case of plugins is empty" time="0.001">
    </testcase>
    <testcase classname="AdminConsolePluginsIndex.getPluginEntries should return map with the text extracted from plugins" name="AdminConsolePluginsIndex.getPluginEntries should return map with the text extracted from plugins" time="0.003">
    </testcase>
    <testcase classname="AdminConsolePluginsIndex.getPluginEntries should return map with the text extracted from plugins" name="AdminConsolePluginsIndex.getPluginEntries should return map with the text extracted from plugins" time="0.001">
    </testcase>
    <testcase classname="AdminConsolePluginsIndex.getPluginEntries should not return the markdown link texts" name="AdminConsolePluginsIndex.getPluginEntries should not return the markdown link texts" time="0.001">
    </testcase>
    <testcase classname="AdminConsolePluginsIndex.getPluginEntries should extract the text from label field" name="AdminConsolePluginsIndex.getPluginEntries should extract the text from label field" time="0.001">
    </testcase>
    <testcase classname="AdminConsolePluginsIndex.getPluginEntries should index the enable plugin setting" name="AdminConsolePluginsIndex.getPluginEntries should index the enable plugin setting" time="0.001">
    </testcase>
    <testcase classname="AdminConsolePluginsIndex.getPluginEntries should index the enable plugin setting even if other settings are not present" name="AdminConsolePluginsIndex.getPluginEntries should index the enable plugin setting even if other settings are not present" time="0.001">
    </testcase>
  </testsuite>
  <testsuite name="components/widgets/menu/menu_items/submenu_item" errors="0" failures="0" skipped="0" timestamp="2019-11-15T11:48:01" time="0.399" tests="3">
    <testcase classname="components/widgets/menu/menu_items/submenu_item empty subMenu should match snapshot" name="components/widgets/menu/menu_items/submenu_item empty subMenu should match snapshot" time="0.025">
    </testcase>
    <testcase classname="components/widgets/menu/menu_items/submenu_item present subMenu should match snapshot with submenu" name="components/widgets/menu/menu_items/submenu_item present subMenu should match snapshot with submenu" time="0.004">
    </testcase>
    <testcase classname="components/widgets/menu/menu_items/submenu_item test subMenu click triggers action" name="components/widgets/menu/menu_items/submenu_item test subMenu click triggers action" time="0.013">
    </testcase>
  </testsuite>
  <testsuite name="components/submenu_modal" errors="0" failures="0" skipped="0" timestamp="2019-11-15T11:48:02" time="0.442" tests="4">
    <testcase classname="components/submenu_modal should match snapshot" name="components/submenu_modal should match snapshot" time="0.004">
    </testcase>
    <testcase classname="components/submenu_modal should match state when onHide is called" name="components/submenu_modal should match state when onHide is called" time="0.001">
    </testcase>
    <testcase classname="components/submenu_modal should have called click function when button is clicked" name="components/submenu_modal should have called click function when button is clicked" time="0.056">
    </testcase>
    <testcase classname="components/submenu_modal should have called props.onHide when Modal.onExited is called" name="components/submenu_modal should have called props.onHide when Modal.onExited is called" time="0.004">
    </testcase>
  </testsuite>
  <testsuite name="ManageTeamsDropdown" errors="0" failures="0" skipped="0" timestamp="2019-11-15T11:48:02" time="0.447" tests="4">
    <testcase classname="ManageTeamsDropdown should match snapshot for team member" name="ManageTeamsDropdown should match snapshot for team member" time="0.003">
    </testcase>
    <testcase classname="ManageTeamsDropdown should match snapshot for system admin" name="ManageTeamsDropdown should match snapshot for system admin" time="0.002">
    </testcase>
    <testcase classname="ManageTeamsDropdown should match snapshot for team admin" name="ManageTeamsDropdown should match snapshot for team admin" time="0.001">
    </testcase>
    <testcase classname="ManageTeamsDropdown should match snapshot for guest" name="ManageTeamsDropdown should match snapshot for guest" time="0.001">
    </testcase>
  </testsuite>
  <testsuite name="components/post_view/post_list_row" errors="0" failures="0" skipped="0" timestamp="2019-11-15T11:48:03" time="0.439" tests="7">
    <testcase classname="components/post_view/post_list_row should render more messages loading indicator" name="components/post_view/post_list_row should render more messages loading indicator" time="0.003">
    </testcase>
    <testcase classname="components/post_view/post_list_row should render manual load messages trigger" name="components/post_view/post_list_row should render manual load messages trigger" time="0.001">
    </testcase>
    <testcase classname="components/post_view/post_list_row should render channel intro message" name="components/post_view/post_list_row should render channel intro message" time="0.006">
    </testcase>
    <testcase classname="components/post_view/post_list_row should render new messages line" name="components/post_view/post_list_row should render new messages line" time="0.002">
    </testcase>
    <testcase classname="components/post_view/post_list_row should render date line" name="components/post_view/post_list_row should render date line" time="0.002">
    </testcase>
    <testcase classname="components/post_view/post_list_row should render combined post" name="components/post_view/post_list_row should render combined post" time="0.002">
    </testcase>
    <testcase classname="components/post_view/post_list_row should render post" name="components/post_view/post_list_row should render post" time="0.002">
    </testcase>
  </testsuite>
  <testsuite name="components/admin_console/group_settings/GroupsList" errors="0" failures="0" skipped="0" timestamp="2019-11-15T11:48:03" time="0.514" tests="22">
    <testcase classname="components/admin_console/group_settings/GroupsList should match snapshot, while loading" name="components/admin_console/group_settings/GroupsList should match snapshot, while loading" time="0.005">
    </testcase>
    <testcase classname="components/admin_console/group_settings/GroupsList should match snapshot, with only linked selected" name="components/admin_console/group_settings/GroupsList should match snapshot, with only linked selected" time="0.004">
    </testcase>
    <testcase classname="components/admin_console/group_settings/GroupsList should match snapshot, with only not-linked selected" name="components/admin_console/group_settings/GroupsList should match snapshot, with only not-linked selected" time="0.002">
    </testcase>
    <testcase classname="components/admin_console/group_settings/GroupsList should match snapshot, with mixed types selected" name="components/admin_console/group_settings/GroupsList should match snapshot, with mixed types selected" time="0.003">
    </testcase>
    <testcase classname="components/admin_console/group_settings/GroupsList should match snapshot, without selection" name="components/admin_console/group_settings/GroupsList should match snapshot, without selection" time="0.01">
    </testcase>
    <testcase classname="components/admin_console/group_settings/GroupsList onCheckToggle must toggle the checked data" name="components/admin_console/group_settings/GroupsList onCheckToggle must toggle the checked data" time="0.006">
    </testcase>
    <testcase classname="components/admin_console/group_settings/GroupsList linkSelectedGroups must call link for unlinked selected groups" name="components/admin_console/group_settings/GroupsList linkSelectedGroups must call link for unlinked selected groups" time="0.003">
    </testcase>
    <testcase classname="components/admin_console/group_settings/GroupsList unlinkSelectedGroups must call unlink for linked selected groups" name="components/admin_console/group_settings/GroupsList unlinkSelectedGroups must call unlink for linked selected groups" time="0.002">
    </testcase>
    <testcase classname="components/admin_console/group_settings/GroupsList should match snapshot, without results" name="components/admin_console/group_settings/GroupsList should match snapshot, without results" time="0.002">
    </testcase>
    <testcase classname="components/admin_console/group_settings/GroupsList should match snapshot, with results" name="components/admin_console/group_settings/GroupsList should match snapshot, with results" time="0.003">
    </testcase>
    <testcase classname="components/admin_console/group_settings/GroupsList should match snapshot, with results and next and previous" name="components/admin_console/group_settings/GroupsList should match snapshot, with results and next and previous" time="0.004">
    </testcase>
    <testcase classname="components/admin_console/group_settings/GroupsList should match snapshot, with results and next" name="components/admin_console/group_settings/GroupsList should match snapshot, with results and next" time="0.003">
    </testcase>
    <testcase classname="components/admin_console/group_settings/GroupsList should match snapshot, with results and previous" name="components/admin_console/group_settings/GroupsList should match snapshot, with results and previous" time="0.003">
    </testcase>
    <testcase classname="components/admin_console/group_settings/GroupsList should change properly the state and call the getLdapGroups, on previousPage when page &gt; 0" name="components/admin_console/group_settings/GroupsList should change properly the state and call the getLdapGroups, on previousPage when page &gt; 0" time="0.003">
    </testcase>
    <testcase classname="components/admin_console/group_settings/GroupsList should change properly the state and call the getLdapGroups, on previousPage when page == 0" name="components/admin_console/group_settings/GroupsList should change properly the state and call the getLdapGroups, on previousPage when page == 0" time="0.003">
    </testcase>
    <testcase classname="components/admin_console/group_settings/GroupsList should change properly the state and call the getLdapGroups, on nextPage clicked" name="components/admin_console/group_settings/GroupsList should change properly the state and call the getLdapGroups, on nextPage clicked" time="0.003">
    </testcase>
    <testcase classname="components/admin_console/group_settings/GroupsList should match snapshot, with filters open" name="components/admin_console/group_settings/GroupsList should match snapshot, with filters open" time="0.005">
    </testcase>
    <testcase classname="components/admin_console/group_settings/GroupsList clicking the clear icon clears searchString" name="components/admin_console/group_settings/GroupsList clicking the clear icon clears searchString" time="0.004">
    </testcase>
    <testcase classname="components/admin_console/group_settings/GroupsList clicking the down arrow opens the filters" name="components/admin_console/group_settings/GroupsList clicking the down arrow opens the filters" time="0.003">
    </testcase>
    <testcase classname="components/admin_console/group_settings/GroupsList clicking search invokes getLdapGroups" name="components/admin_console/group_settings/GroupsList clicking search invokes getLdapGroups" time="0.007">
    </testcase>
    <testcase classname="components/admin_console/group_settings/GroupsList checking a filter checkbox add the filter to the searchString" name="components/admin_console/group_settings/GroupsList checking a filter checkbox add the filter to the searchString" time="0.004">
    </testcase>
    <testcase classname="components/admin_console/group_settings/GroupsList unchecking a filter checkbox removes the filter from the searchString" name="components/admin_console/group_settings/GroupsList unchecking a filter checkbox removes the filter from the searchString" time="0.004">
    </testcase>
  </testsuite>
  <testsuite name="admin_console/team_channel_settings/channel/ChannelProfile" errors="0" failures="0" skipped="0" timestamp="2019-11-15T11:48:04" time="0.11" tests="1">
    <testcase classname="admin_console/team_channel_settings/channel/ChannelProfile should match snapshot" name="admin_console/team_channel_settings/channel/ChannelProfile should match snapshot" time="0.003">
    </testcase>
  </testsuite>
  <testsuite name="components/widgets/admin_console/FormattedAdminHeader" errors="0" failures="0" skipped="0" timestamp="2019-11-15T11:48:04" time="0.118" tests="2">
    <testcase classname="components/widgets/admin_console/FormattedAdminHeader render component with required props" name="components/widgets/admin_console/FormattedAdminHeader render component with required props" time="0.002">
    </testcase>
    <testcase classname="components/widgets/admin_console/FormattedAdminHeader render component with all props" name="components/widgets/admin_console/FormattedAdminHeader render component with all props" time="0.001">
    </testcase>
  </testsuite>
  <testsuite name="components/invitation_modal/InvitationModalInitialStep" errors="0" failures="0" skipped="0" timestamp="2019-11-15T11:48:04" time="0.111" tests="1">
    <testcase classname="components/invitation_modal/InvitationModalInitialStep should match the snapshot" name="components/invitation_modal/InvitationModalInitialStep should match the snapshot" time="0.003">
    </testcase>
  </testsuite>
  <testsuite name="components/widgets/loading/LoadingWrapper" errors="0" failures="0" skipped="0" timestamp="2019-11-15T11:48:04" time="0.112" tests="4">
    <testcase classname="components/widgets/loading/LoadingWrapper showing spinner with text" name="components/widgets/loading/LoadingWrapper showing spinner with text" time="0.001">
    </testcase>
    <testcase classname="components/widgets/loading/LoadingWrapper showing spinner without text" name="components/widgets/loading/LoadingWrapper showing spinner without text" time="0.001">
    </testcase>
    <testcase classname="components/widgets/loading/LoadingWrapper showing content with children" name="components/widgets/loading/LoadingWrapper showing content with children" time="0.001">
    </testcase>
    <testcase classname="components/widgets/loading/LoadingWrapper showing content without children" name="components/widgets/loading/LoadingWrapper showing content without children" time="0">
    </testcase>
  </testsuite>
  <testsuite name="components/SearchHint" errors="0" failures="0" skipped="0" timestamp="2019-11-15T11:48:04" time="0.116" tests="2">
    <testcase classname="components/SearchHint should match snapshot, with title" name="components/SearchHint should match snapshot, with title" time="0.002">
    </testcase>
    <testcase classname="components/SearchHint should match snapshot, without title" name="components/SearchHint should match snapshot, without title" time="0.001">
    </testcase>
  </testsuite>
  <testsuite name="components/LoadingImagePreview" errors="0" failures="0" skipped="0" timestamp="2019-11-15T11:48:04" time="0.108" tests="1">
    <testcase classname="components/LoadingImagePreview should match snapshot" name="components/LoadingImagePreview should match snapshot" time="0.004">
    </testcase>
  </testsuite>
  <testsuite name="components/CopyUrlContextMenu" errors="0" failures="0" skipped="0" timestamp="2019-11-15T11:48:04" time="0.115" tests="2">
    <testcase classname="components/CopyUrlContextMenu should copy relative url on click" name="components/CopyUrlContextMenu should copy relative url on click" time="0.004">
    </testcase>
    <testcase classname="components/CopyUrlContextMenu should copy absolute url on click" name="components/CopyUrlContextMenu should copy absolute url on click" time="0.002">
    </testcase>
  </testsuite>
  <testsuite name="components/AdminConsole" errors="0" failures="0" skipped="0" timestamp="2019-11-15T11:48:04" time="0.939" tests="2">
    <testcase classname="components/AdminConsole should redirect to / when not system admin" name="components/AdminConsole should redirect to / when not system admin" time="0.002">
    </testcase>
    <testcase classname="components/AdminConsole should generate the routes" name="components/AdminConsole should generate the routes" time="0.004">
    </testcase>
  </testsuite>
  <testsuite name="components/AutosizeTextarea" errors="0" failures="0" skipped="0" timestamp="2019-11-15T11:48:05" time="0.111" tests="1">
    <testcase classname="components/AutosizeTextarea should match snapshot, init" name="components/AutosizeTextarea should match snapshot, init" time="0.003">
    </testcase>
  </testsuite>
  <testsuite name="Emoticons" errors="0" failures="0" skipped="0" timestamp="2019-11-15T11:48:06" time="0.18" tests="54">
    <testcase classname="Emoticons handleEmoticons text sequence &apos;:)&apos; should be recognized as an emoticon" name="Emoticons handleEmoticons text sequence &apos;:)&apos; should be recognized as an emoticon" time="0.001">
    </testcase>
    <testcase classname="Emoticons handleEmoticons text sequence &apos;:-)&apos; should be recognized as an emoticon" name="Emoticons handleEmoticons text sequence &apos;:-)&apos; should be recognized as an emoticon" time="0.001">
    </testcase>
    <testcase classname="Emoticons handleEmoticons text sequence &apos;;)&apos; should be recognized as an emoticon" name="Emoticons handleEmoticons text sequence &apos;;)&apos; should be recognized as an emoticon" time="0.001">
    </testcase>
    <testcase classname="Emoticons handleEmoticons text sequence &apos;;-)&apos; should be recognized as an emoticon" name="Emoticons handleEmoticons text sequence &apos;;-)&apos; should be recognized as an emoticon" time="0">
    </testcase>
    <testcase classname="Emoticons handleEmoticons text sequence &apos;:o&apos; should be recognized as an emoticon" name="Emoticons handleEmoticons text sequence &apos;:o&apos; should be recognized as an emoticon" time="0.001">
    </testcase>
    <testcase classname="Emoticons handleEmoticons text sequence &apos;:-o&apos; should be recognized as an emoticon" name="Emoticons handleEmoticons text sequence &apos;:-o&apos; should be recognized as an emoticon" time="0">
    </testcase>
    <testcase classname="Emoticons handleEmoticons text sequence &apos;:]&apos; should be recognized as an emoticon" name="Emoticons handleEmoticons text sequence &apos;:]&apos; should be recognized as an emoticon" time="0.007">
    </testcase>
    <testcase classname="Emoticons handleEmoticons text sequence &apos;:-]&apos; should be recognized as an emoticon" name="Emoticons handleEmoticons text sequence &apos;:-]&apos; should be recognized as an emoticon" time="0.001">
    </testcase>
    <testcase classname="Emoticons handleEmoticons text sequence &apos;:D&apos; should be recognized as an emoticon" name="Emoticons handleEmoticons text sequence &apos;:D&apos; should be recognized as an emoticon" time="0">
    </testcase>
    <testcase classname="Emoticons handleEmoticons text sequence &apos;:-D&apos; should be recognized as an emoticon" name="Emoticons handleEmoticons text sequence &apos;:-D&apos; should be recognized as an emoticon" time="0.001">
    </testcase>
    <testcase classname="Emoticons handleEmoticons text sequence &apos;x-d&apos; should be recognized as an emoticon" name="Emoticons handleEmoticons text sequence &apos;x-d&apos; should be recognized as an emoticon" time="0">
    </testcase>
    <testcase classname="Emoticons handleEmoticons text sequence &apos;:p&apos; should be recognized as an emoticon" name="Emoticons handleEmoticons text sequence &apos;:p&apos; should be recognized as an emoticon" time="0.001">
    </testcase>
    <testcase classname="Emoticons handleEmoticons text sequence &apos;:-p&apos; should be recognized as an emoticon" name="Emoticons handleEmoticons text sequence &apos;:-p&apos; should be recognized as an emoticon" time="0.001">
    </testcase>
    <testcase classname="Emoticons handleEmoticons text sequence &apos;:@&apos; should be recognized as an emoticon" name="Emoticons handleEmoticons text sequence &apos;:@&apos; should be recognized as an emoticon" time="0.001">
    </testcase>
    <testcase classname="Emoticons handleEmoticons text sequence &apos;:-@&apos; should be recognized as an emoticon" name="Emoticons handleEmoticons text sequence &apos;:-@&apos; should be recognized as an emoticon" time="0.001">
    </testcase>
    <testcase classname="Emoticons handleEmoticons text sequence &apos;:(&apos; should be recognized as an emoticon" name="Emoticons handleEmoticons text sequence &apos;:(&apos; should be recognized as an emoticon" time="0">
    </testcase>
    <testcase classname="Emoticons handleEmoticons text sequence &apos;:-(&apos; should be recognized as an emoticon" name="Emoticons handleEmoticons text sequence &apos;:-(&apos; should be recognized as an emoticon" time="0">
    </testcase>
    <testcase classname="Emoticons handleEmoticons text sequence &apos;:`(&apos; should be recognized as an emoticon" name="Emoticons handleEmoticons text sequence &apos;:`(&apos; should be recognized as an emoticon" time="0">
    </testcase>
    <testcase classname="Emoticons handleEmoticons text sequence &apos;:&apos;(&apos; should be recognized as an emoticon" name="Emoticons handleEmoticons text sequence &apos;:&apos;(&apos; should be recognized as an emoticon" time="0">
    </testcase>
    <testcase classname="Emoticons handleEmoticons text sequence &apos;:’(&apos; should be recognized as an emoticon" name="Emoticons handleEmoticons text sequence &apos;:’(&apos; should be recognized as an emoticon" time="0.001">
    </testcase>
    <testcase classname="Emoticons handleEmoticons text sequence &apos;:/&apos; should be recognized as an emoticon" name="Emoticons handleEmoticons text sequence &apos;:/&apos; should be recognized as an emoticon" time="0">
    </testcase>
    <testcase classname="Emoticons handleEmoticons text sequence &apos;:-/&apos; should be recognized as an emoticon" name="Emoticons handleEmoticons text sequence &apos;:-/&apos; should be recognized as an emoticon" time="0.001">
    </testcase>
    <testcase classname="Emoticons handleEmoticons text sequence &apos;:s&apos; should be recognized as an emoticon" name="Emoticons handleEmoticons text sequence &apos;:s&apos; should be recognized as an emoticon" time="0">
    </testcase>
    <testcase classname="Emoticons handleEmoticons text sequence &apos;:-s&apos; should be recognized as an emoticon" name="Emoticons handleEmoticons text sequence &apos;:-s&apos; should be recognized as an emoticon" time="0.001">
    </testcase>
    <testcase classname="Emoticons handleEmoticons text sequence &apos;:|&apos; should be recognized as an emoticon" name="Emoticons handleEmoticons text sequence &apos;:|&apos; should be recognized as an emoticon" time="0">
    </testcase>
    <testcase classname="Emoticons handleEmoticons text sequence &apos;:-|&apos; should be recognized as an emoticon" name="Emoticons handleEmoticons text sequence &apos;:-|&apos; should be recognized as an emoticon" time="0.001">
    </testcase>
    <testcase classname="Emoticons handleEmoticons text sequence &apos;: should be recognized as an emoticon" name="Emoticons handleEmoticons text sequence &apos;: should be recognized as an emoticon" time="0">
    </testcase>
    <testcase classname="Emoticons handleEmoticons text sequence &apos;:- should be recognized as an emoticon" name="Emoticons handleEmoticons text sequence &apos;:- should be recognized as an emoticon" time="0">
    </testcase>
    <testcase classname="Emoticons handleEmoticons text sequence &apos;:-x&apos; should be recognized as an emoticon" name="Emoticons handleEmoticons text sequence &apos;:-x&apos; should be recognized as an emoticon" time="0.001">
    </testcase>
    <testcase classname="Emoticons handleEmoticons text sequence &apos;&lt;3&apos; should be recognized as an emoticon" name="Emoticons handleEmoticons text sequence &apos;&lt;3&apos; should be recognized as an emoticon" time="0">
    </testcase>
    <testcase classname="Emoticons handleEmoticons text sequence &apos;&amp;lt;3&apos; should be recognized as an emoticon" name="Emoticons handleEmoticons text sequence &apos;&amp;lt;3&apos; should be recognized as an emoticon" time="0.001">
    </testcase>
    <testcase classname="Emoticons handleEmoticons text sequence &apos;&lt;/3&apos; should be recognized as an emoticon" name="Emoticons handleEmoticons text sequence &apos;&lt;/3&apos; should be recognized as an emoticon" time="0">
    </testcase>
    <testcase classname="Emoticons handleEmoticons text sequence &apos;&amp;lt;/3&apos; should be recognized as an emoticon" name="Emoticons handleEmoticons text sequence &apos;&amp;lt;/3&apos; should be recognized as an emoticon" time="0.001">
    </testcase>
    <testcase classname="Emoticons handleEmoticons text sequence &apos;:+1:&apos; should be recognized as an emoticon" name="Emoticons handleEmoticons text sequence &apos;:+1:&apos; should be recognized as an emoticon" time="0">
    </testcase>
    <testcase classname="Emoticons handleEmoticons text sequence &apos;:-1:&apos; should be recognized as an emoticon" name="Emoticons handleEmoticons text sequence &apos;:-1:&apos; should be recognized as an emoticon" time="0.001">
    </testcase>
    <testcase classname="Emoticons handleEmoticons should replace emoticons with tokens" name="Emoticons handleEmoticons should replace emoticons with tokens" time="0">
    </testcase>
    <testcase classname="Emoticons handleEmoticons should replace emoticons not separated by whitespace" name="Emoticons handleEmoticons should replace emoticons not separated by whitespace" time="0.001">
    </testcase>
    <testcase classname="Emoticons handleEmoticons should replace emoticons separated by punctuation" name="Emoticons handleEmoticons should replace emoticons separated by punctuation" time="0">
    </testcase>
    <testcase classname="Emoticons handleEmoticons should replace emoticons separated by text" name="Emoticons handleEmoticons should replace emoticons separated by text" time="0.001">
    </testcase>
    <testcase classname="Emoticons handleEmoticons shouldn&apos;t replace invalid emoticons" name="Emoticons handleEmoticons shouldn&apos;t replace invalid emoticons" time="0">
    </testcase>
    <testcase classname="Emoticons handleEmoticons should allow comma immediately following emoticon :)" name="Emoticons handleEmoticons should allow comma immediately following emoticon :)" time="0">
    </testcase>
    <testcase classname="Emoticons handleEmoticons should allow comma immediately following emoticon :P" name="Emoticons handleEmoticons should allow comma immediately following emoticon :P" time="0.001">
    </testcase>
    <testcase classname="Emoticons handleEmoticons should allow punctuation immediately following emoticon :)" name="Emoticons handleEmoticons should allow punctuation immediately following emoticon :)" time="0">
    </testcase>
    <testcase classname="Emoticons handleEmoticons should allow punctuation immediately following emoticon :P" name="Emoticons handleEmoticons should allow punctuation immediately following emoticon :P" time="0.001">
    </testcase>
    <testcase classname="Emoticons handleEmoticons should allow punctuation immediately before and following emoticon :)" name="Emoticons handleEmoticons should allow punctuation immediately before and following emoticon :)" time="0">
    </testcase>
    <testcase classname="Emoticons handleEmoticons should allow punctuation immediately before and following emoticon :P" name="Emoticons handleEmoticons should allow punctuation immediately before and following emoticon :P" time="0.001">
    </testcase>
    <testcase classname="Emoticons matchEmoticons empty message" name="Emoticons matchEmoticons empty message" time="0.003">
    </testcase>
    <testcase classname="Emoticons matchEmoticons no emoticons" name="Emoticons matchEmoticons no emoticons" time="0">
    </testcase>
    <testcase classname="Emoticons matchEmoticons single shorthand forms" name="Emoticons matchEmoticons single shorthand forms" time="0.001">
    </testcase>
    <testcase classname="Emoticons matchEmoticons single named emoticons forms" name="Emoticons matchEmoticons single named emoticons forms" time="0">
    </testcase>
    <testcase classname="Emoticons matchEmoticons multiple shorthand forms" name="Emoticons matchEmoticons multiple shorthand forms" time="0.001">
    </testcase>
    <testcase classname="Emoticons matchEmoticons multiple named emoticons forms" name="Emoticons matchEmoticons multiple named emoticons forms" time="0">
    </testcase>
    <testcase classname="Emoticons matchEmoticons multiple mixed" name="Emoticons matchEmoticons multiple mixed" time="0.001">
    </testcase>
    <testcase classname="Emoticons matchEmoticons inline" name="Emoticons matchEmoticons inline" time="0">
    </testcase>
  </testsuite>
  <testsuite name="components/admin_console/permission_schemes_settings/permission_team_scheme_settings/permission_team_scheme_settings" errors="0" failures="0" skipped="0" timestamp="2019-11-15T11:48:06" time="0.448" tests="8">
    <testcase classname="components/admin_console/permission_schemes_settings/permission_team_scheme_settings/permission_team_scheme_settings should match snapshot on new with default roles without permissions" name="components/admin_console/permission_schemes_settings/permission_team_scheme_settings/permission_team_scheme_settings should match snapshot on new with default roles without permissions" time="0.004">
    </testcase>
    <testcase classname="components/admin_console/permission_schemes_settings/permission_team_scheme_settings/permission_team_scheme_settings should match snapshot on new with default roles with permissions" name="components/admin_console/permission_schemes_settings/permission_team_scheme_settings/permission_team_scheme_settings should match snapshot on new with default roles with permissions" time="0.004">
    </testcase>
    <testcase classname="components/admin_console/permission_schemes_settings/permission_team_scheme_settings/permission_team_scheme_settings should save each role on handleSubmit except system_admin role" name="components/admin_console/permission_schemes_settings/permission_team_scheme_settings/permission_team_scheme_settings should save each role on handleSubmit except system_admin role" time="0.006">
    </testcase>
    <testcase classname="components/admin_console/permission_schemes_settings/permission_team_scheme_settings/permission_team_scheme_settings should show error if createScheme fails" name="components/admin_console/permission_schemes_settings/permission_team_scheme_settings/permission_team_scheme_settings should show error if createScheme fails" time="0.004">
    </testcase>
    <testcase classname="components/admin_console/permission_schemes_settings/permission_team_scheme_settings/permission_team_scheme_settings should show error if editRole fails" name="components/admin_console/permission_schemes_settings/permission_team_scheme_settings/permission_team_scheme_settings should show error if editRole fails" time="0.003">
    </testcase>
    <testcase classname="components/admin_console/permission_schemes_settings/permission_team_scheme_settings/permission_team_scheme_settings should open and close correctly roles blocks" name="components/admin_console/permission_schemes_settings/permission_team_scheme_settings/permission_team_scheme_settings should open and close correctly roles blocks" time="0.012">
    </testcase>
    <testcase classname="components/admin_console/permission_schemes_settings/permission_team_scheme_settings/permission_team_scheme_settings should match snapshot on edit without permissions" name="components/admin_console/permission_schemes_settings/permission_team_scheme_settings/permission_team_scheme_settings should match snapshot on edit without permissions" time="0.004">
    </testcase>
    <testcase classname="components/admin_console/permission_schemes_settings/permission_team_scheme_settings/permission_team_scheme_settings should match snapshot on edit with permissions" name="components/admin_console/permission_schemes_settings/permission_team_scheme_settings/permission_team_scheme_settings should match snapshot on edit with permissions" time="0.003">
    </testcase>
  </testsuite>
  <testsuite name="components/RhsThread" errors="0" failures="0" skipped="0" timestamp="2019-11-15T11:48:06" time="0.545" tests="3">
    <testcase classname="components/RhsThread should match snapshot" name="components/RhsThread should match snapshot" time="0.005">
    </testcase>
    <testcase classname="components/RhsThread should make api call to get thread posts on socket reconnect" name="components/RhsThread should make api call to get thread posts on socket reconnect" time="0.003">
    </testcase>
    <testcase classname="components/RhsThread should update openTime state when selected prop updated" name="components/RhsThread should update openTime state when selected prop updated" time="0.106">
    </testcase>
  </testsuite>
  <testsuite name="components/integrations/InstalledOutgoingWebhook" errors="0" failures="0" skipped="0" timestamp="2019-11-15T11:48:07" time="0.586" tests="11">
    <testcase classname="components/integrations/InstalledOutgoingWebhook should match snapshot" name="components/integrations/InstalledOutgoingWebhook should match snapshot" time="0.004">
    </testcase>
    <testcase classname="components/integrations/InstalledOutgoingWebhook should not have edit and delete actions if user does not have permissions to change" name="components/integrations/InstalledOutgoingWebhook should not have edit and delete actions if user does not have permissions to change" time="0.002">
    </testcase>
    <testcase classname="components/integrations/InstalledOutgoingWebhook should have edit and delete actions if user can change webhook" name="components/integrations/InstalledOutgoingWebhook should have edit and delete actions if user can change webhook" time="0.011">
    </testcase>
    <testcase classname="components/integrations/InstalledOutgoingWebhook Should have the same name and description on view as it has in outgoingWebhook" name="components/integrations/InstalledOutgoingWebhook Should have the same name and description on view as it has in outgoingWebhook" time="0.003">
    </testcase>
    <testcase classname="components/integrations/InstalledOutgoingWebhook Should not display description as it is null" name="components/integrations/InstalledOutgoingWebhook Should not display description as it is null" time="0.003">
    </testcase>
    <testcase classname="components/integrations/InstalledOutgoingWebhook Should not render any nodes as there are no filtered results" name="components/integrations/InstalledOutgoingWebhook Should not render any nodes as there are no filtered results" time="0.001">
    </testcase>
    <testcase classname="components/integrations/InstalledOutgoingWebhook Should render a webhook item as filtered result is true" name="components/integrations/InstalledOutgoingWebhook Should render a webhook item as filtered result is true" time="0.002">
    </testcase>
    <testcase classname="components/integrations/InstalledOutgoingWebhook Should call onRegenToken function once" name="components/integrations/InstalledOutgoingWebhook Should call onRegenToken function once" time="0.002">
    </testcase>
    <testcase classname="components/integrations/InstalledOutgoingWebhook Should call onDelete function once" name="components/integrations/InstalledOutgoingWebhook Should call onDelete function once" time="0.003">
    </testcase>
    <testcase classname="components/integrations/InstalledOutgoingWebhook Should match snapshot of makeDisplayName" name="components/integrations/InstalledOutgoingWebhook Should match snapshot of makeDisplayName" time="0.002">
    </testcase>
    <testcase classname="components/integrations/InstalledOutgoingWebhook Should match result when matchesFilter is called" name="components/integrations/InstalledOutgoingWebhook Should match result when matchesFilter is called" time="0.001">
    </testcase>
  </testsuite>
  <testsuite name="components/admin_console/system_users" errors="0" failures="0" skipped="0" timestamp="2019-11-15T11:48:07" time="0.769" tests="7">
[...]
    </testcase>
  </testsuite>
  <testsuite name="components/ChannelHeaderMobile/ChannelInfoButton" errors="0" failures="0" skipped="0" timestamp="2019-11-15T11:50:20" time="0.39" tests="2">
    <testcase classname="components/ChannelHeaderMobile/ChannelInfoButton should match snapshot, with channel header" name="components/ChannelHeaderMobile/ChannelInfoButton should match snapshot, with channel header" time="0.011">
    </testcase>
    <testcase classname="components/ChannelHeaderMobile/ChannelInfoButton should match snapshot, without channel header" name="components/ChannelHeaderMobile/ChannelInfoButton should match snapshot, without channel header" time="0.004">
    </testcase>
  </testsuite>
  <testsuite name="components/localized_input/localized_input" errors="0" failures="0" skipped="0" timestamp="2019-11-15T11:50:20" time="0.133" tests="2">
    <testcase classname="components/localized_input/localized_input should match snapshot" name="components/localized_input/localized_input should match snapshot" time="0.011">
    </testcase>
    <testcase classname="components/localized_input/localized_input ref should properly be forwarded" name="components/localized_input/localized_input ref should properly be forwarded" time="0.003">
    </testcase>
  </testsuite>
  <testsuite name="components/emoji/components/DeleteEmoji" errors="0" failures="0" skipped="0" timestamp="2019-11-15T11:50:20" time="0.406" tests="4">
    <testcase classname="components/emoji/components/DeleteEmoji title should match the of delete emoji title" name="components/emoji/components/DeleteEmoji title should match the of delete emoji title" time="0.008">
    </testcase>
    <testcase classname="components/emoji/components/DeleteEmoji modal title should match the of delete emoji modal title" name="components/emoji/components/DeleteEmoji modal title should match the of delete emoji modal title" time="0.002">
    </testcase>
    <testcase classname="components/emoji/components/DeleteEmoji modal message should match the of delete emoji modal message" name="components/emoji/components/DeleteEmoji modal message should match the of delete emoji modal message" time="0.003">
    </testcase>
    <testcase classname="components/emoji/components/DeleteEmoji modal confirmation button should match the of delete emoji modal confirmation button" name="components/emoji/components/DeleteEmoji modal confirmation button should match the of delete emoji modal confirmation button" time="0.001">
    </testcase>
  </testsuite>
  <testsuite name="components/admin_console/request_button/request_button.jsx" errors="0" failures="0" skipped="0" timestamp="2019-11-15T11:50:20" time="0.435" tests="5">
    <testcase classname="components/admin_console/request_button/request_button.jsx should match snapshot" name="components/admin_console/request_button/request_button.jsx should match snapshot" time="0.003">
    </testcase>
    <testcase classname="components/admin_console/request_button/request_button.jsx should call saveConfig and request actions when saveNeeded is true" name="components/admin_console/request_button/request_button.jsx should call saveConfig and request actions when saveNeeded is true" time="0.011">
    </testcase>
    <testcase classname="components/admin_console/request_button/request_button.jsx should call only request action when saveNeeded is false" name="components/admin_console/request_button/request_button.jsx should call only request action when saveNeeded is false" time="0.004">
    </testcase>
    <testcase classname="components/admin_console/request_button/request_button.jsx should match snapshot with successMessage" name="components/admin_console/request_button/request_button.jsx should match snapshot with successMessage" time="0.008">
    </testcase>
    <testcase classname="components/admin_console/request_button/request_button.jsx should match snapshot with request error" name="components/admin_console/request_button/request_button.jsx should match snapshot with request error" time="0.021">
    </testcase>
  </testsuite>
  <testsuite name="components/NewChannelModal" errors="0" failures="0" skipped="0" timestamp="2019-11-15T11:50:21" time="0.559" tests="11">
    <testcase classname="components/NewChannelModal should match snapshot, modal not showing" name="components/NewChannelModal should match snapshot, modal not showing" time="0.008">
    </testcase>
    <testcase classname="components/NewChannelModal should match snapshot, modal showing" name="components/NewChannelModal should match snapshot, modal showing" time="0.007">
    </testcase>
    <testcase classname="components/NewChannelModal should match snapshot, display only public channel option" name="components/NewChannelModal should match snapshot, display only public channel option" time="0.005">
    </testcase>
    <testcase classname="components/NewChannelModal should match snapshot, display only private channel option" name="components/NewChannelModal should match snapshot, display only private channel option" time="0.005">
    </testcase>
    <testcase classname="components/NewChannelModal should match snapshot, private channel filled in header and purpose" name="components/NewChannelModal should match snapshot, private channel filled in header and purpose" time="0.015">
    </testcase>
    <testcase classname="components/NewChannelModal should match snapshot, on displayNameError" name="components/NewChannelModal should match snapshot, on displayNameError" time="0.005">
    </testcase>
    <testcase classname="components/NewChannelModal should match snapshot, on serverError" name="components/NewChannelModal should match snapshot, on serverError" time="0.004">
    </testcase>
    <testcase classname="components/NewChannelModal should match when handleChange is called" name="components/NewChannelModal should match when handleChange is called" time="0.036">
    </testcase>
    <testcase classname="components/NewChannelModal should match when handleSubmit is called" name="components/NewChannelModal should match when handleSubmit is called" time="0.02">
    </testcase>
    <testcase classname="components/NewChannelModal should have called handleSubmit on onEnterKeyDown" name="components/NewChannelModal should have called handleSubmit on onEnterKeyDown" time="0.003">
    </testcase>
    <testcase classname="components/NewChannelModal should clear the display name error when showing" name="components/NewChannelModal should clear the display name error when showing" time="0.008">
    </testcase>
  </testsuite>
  <testsuite name="components/ChannelInfoModal" errors="0" failures="0" skipped="0" timestamp="2019-11-15T11:50:21" time="0.173" tests="4">
    <testcase classname="components/ChannelInfoModal should match snapshot when modal is showing" name="components/ChannelInfoModal should match snapshot when modal is showing" time="0.004">
    </testcase>
    <testcase classname="components/ChannelInfoModal should match snapshot when modal is not showing" name="components/ChannelInfoModal should match snapshot when modal is not showing" time="0.002">
    </testcase>
    <testcase classname="components/ChannelInfoModal should call onHide callback when modal is hidden" name="components/ChannelInfoModal should call onHide callback when modal is hidden" time="0.019">
    </testcase>
    <testcase classname="components/ChannelInfoModal shouldComponentUpdate returns the correct results" name="components/ChannelInfoModal shouldComponentUpdate returns the correct results" time="0.001">
    </testcase>
  </testsuite>
  <testsuite name="components/mfa/components/Confirm" errors="0" failures="0" skipped="0" timestamp="2019-11-15T11:50:22" time="0.482" tests="3">
    <testcase classname="components/mfa/components/Confirm should match snapshot" name="components/mfa/components/Confirm should match snapshot" time="0.005">
    </testcase>
    <testcase classname="components/mfa/components/Confirm should submit on form submit" name="components/mfa/components/Confirm should submit on form submit" time="0.011">
    </testcase>
    <testcase classname="components/mfa/components/Confirm should submit on enter" name="components/mfa/components/Confirm should submit on enter" time="0.003">
    </testcase>
  </testsuite>
  <testsuite name="/components/create_team/components/display_name" errors="0" failures="0" skipped="0" timestamp="2019-11-15T11:50:22" time="0.59" tests="7">
    <testcase classname="/components/create_team/components/display_name should match snapshot" name="/components/create_team/components/display_name should match snapshot" time="0.007">
    </testcase>
    <testcase classname="/components/create_team/components/display_name should return to display_name.jsx page" name="/components/create_team/components/display_name should return to display_name.jsx page" time="0.028">
    </testcase>
    <testcase classname="/components/create_team/components/display_name should successfully submit" name="/components/create_team/components/display_name should successfully submit" time="0.012">
    </testcase>
    <testcase classname="/components/create_team/components/display_name should display isRequired error" name="/components/create_team/components/display_name should display isRequired error" time="0.008">
    </testcase>
    <testcase classname="/components/create_team/components/display_name should display charLength error" name="/components/create_team/components/display_name should display charLength error" time="0.013">
    </testcase>
    <testcase classname="/components/create_team/components/display_name should display teamUrl regex error" name="/components/create_team/components/display_name should display teamUrl regex error" time="0.008">
    </testcase>
    <testcase classname="/components/create_team/components/display_name should display teamUrl taken error" name="/components/create_team/components/display_name should display teamUrl taken error" time="0.011">
    </testcase>
  </testsuite>
  <testsuite name="components/select_team/components/SelectTeamItem" errors="0" failures="0" skipped="0" timestamp="2019-11-15T11:50:23" time="0.509" tests="8">
    <testcase classname="components/select_team/components/SelectTeamItem should match snapshot, on public joinable" name="components/select_team/components/SelectTeamItem should match snapshot, on public joinable" time="0.003">
    </testcase>
    <testcase classname="components/select_team/components/SelectTeamItem should match snapshot, on public not joinable" name="components/select_team/components/SelectTeamItem should match snapshot, on public not joinable" time="0.001">
    </testcase>
    <testcase classname="components/select_team/components/SelectTeamItem should match snapshot, on private joinable" name="components/select_team/components/SelectTeamItem should match snapshot, on private joinable" time="0.002">
    </testcase>
    <testcase classname="components/select_team/components/SelectTeamItem should match snapshot, on private not joinable" name="components/select_team/components/SelectTeamItem should match snapshot, on private not joinable" time="0.001">
    </testcase>
    <testcase classname="components/select_team/components/SelectTeamItem should match snapshot, on loading" name="components/select_team/components/SelectTeamItem should match snapshot, on loading" time="0.001">
    </testcase>
    <testcase classname="components/select_team/components/SelectTeamItem should match snapshot, with description" name="components/select_team/components/SelectTeamItem should match snapshot, with description" time="0.002">
    </testcase>
    <testcase classname="components/select_team/components/SelectTeamItem should call props.onTeamClick on handleTeamClick" name="components/select_team/components/SelectTeamItem should call props.onTeamClick on handleTeamClick" time="0.001">
    </testcase>
    <testcase classname="components/select_team/components/SelectTeamItem should not call props.onTeamClick on handleTeamClick when you cant join the team" name="components/select_team/components/SelectTeamItem should not call props.onTeamClick on handleTeamClick when you cant join the team" time="0.001">
    </testcase>
  </testsuite>
  <testsuite name="/components/create_team/components/display_name" errors="0" failures="0" skipped="0" timestamp="2019-11-15T11:50:23" time="0.379" tests="4">
    <testcase classname="/components/create_team/components/display_name should match snapshot" name="/components/create_team/components/display_name should match snapshot" time="0.003">
    </testcase>
    <testcase classname="/components/create_team/components/display_name should run updateParent function" name="/components/create_team/components/display_name should run updateParent function" time="0.015">
    </testcase>
    <testcase classname="/components/create_team/components/display_name should display isRequired error" name="/components/create_team/components/display_name should display isRequired error" time="0.006">
    </testcase>
    <testcase classname="/components/create_team/components/display_name should display charLength error" name="/components/create_team/components/display_name should display charLength error" time="0.007">
    </testcase>
  </testsuite>
  <testsuite name="components/widgets/loadingLoadingSpinner" errors="0" failures="0" skipped="0" timestamp="2019-11-15T11:50:24" time="0.116" tests="2">
    <testcase classname="components/widgets/loadingLoadingSpinner showing spinner with text" name="components/widgets/loadingLoadingSpinner showing spinner with text" time="0.003">
    </testcase>
    <testcase classname="components/widgets/loadingLoadingSpinner showing spinner without text" name="components/widgets/loadingLoadingSpinner showing spinner without text" time="0.001">
    </testcase>
  </testsuite>
  <testsuite name="components/admin_console/jobs/table" errors="0" failures="0" skipped="0" timestamp="2019-11-15T11:50:24" time="0.383" tests="3">
    <testcase classname="components/admin_console/jobs/table should match snapshot, init" name="components/admin_console/jobs/table should match snapshot, init" time="0.013">
    </testcase>
    <testcase classname="components/admin_console/jobs/table should call create job func" name="components/admin_console/jobs/table should call create job func" time="0.016">
    </testcase>
    <testcase classname="components/admin_console/jobs/table should call cancel job func" name="components/admin_console/jobs/table should call cancel job func" time="0.009">
    </testcase>
  </testsuite>
  <testsuite name="components/FileUpload" errors="0" failures="0" skipped="0" timestamp="2019-11-15T11:50:24" time="0.485" tests="16">
    <testcase classname="components/FileUpload should match snapshot" name="components/FileUpload should match snapshot" time="0.005">
    </testcase>
    <testcase classname="components/FileUpload should call onClick when fileInput is clicked" name="components/FileUpload should call onClick when fileInput is clicked" time="0.002">
    </testcase>
    <testcase classname="components/FileUpload should call onClick on fileInput when button is touched" name="components/FileUpload should call onClick on fileInput when button is touched" time="0.003">
    </testcase>
    <testcase classname="components/FileUpload should match state and call handleMaxUploadReached or props.onClick on handleLocalFileUploaded" name="components/FileUpload should match state and call handleMaxUploadReached or props.onClick on handleLocalFileUploaded" time="0.003">
    </testcase>
    <testcase classname="components/FileUpload should props.onFileUpload when fileUploadSuccess is called" name="components/FileUpload should props.onFileUpload when fileUploadSuccess is called" time="0.002">
    </testcase>
    <testcase classname="components/FileUpload should props.onUploadError when fileUploadFail is called" name="components/FileUpload should props.onUploadError when fileUploadFail is called" time="0.002">
    </testcase>
    <testcase classname="components/FileUpload should upload file on paste when File constructor is supported" name="components/FileUpload should upload file on paste when File constructor is supported" time="0.003">
    </testcase>
    <testcase classname="components/FileUpload should upload file on paste when File constructor is not supported" name="components/FileUpload should upload file on paste when File constructor is not supported" time="0.003">
    </testcase>
    <testcase classname="components/FileUpload should have props.functions when uploadFiles is called" name="components/FileUpload should have props.functions when uploadFiles is called" time="0.002">
    </testcase>
    <testcase classname="components/FileUpload should error max upload files" name="components/FileUpload should error max upload files" time="0.002">
    </testcase>
    <testcase classname="components/FileUpload should error max upload files" name="components/FileUpload should error max upload files" time="0.001">
    </testcase>
    <testcase classname="components/FileUpload should error max too large files" name="components/FileUpload should error max too large files" time="0.011">
    </testcase>
    <testcase classname="components/FileUpload should functions when handleChange is called" name="components/FileUpload should functions when handleChange is called" time="0.001">
    </testcase>
    <testcase classname="components/FileUpload should functions when handleDrop is called" name="components/FileUpload should functions when handleDrop is called" time="0.002">
    </testcase>
    <testcase classname="components/FileUpload FilesWillUploadHook - should reject all files" name="components/FileUpload FilesWillUploadHook - should reject all files" time="0.001">
    </testcase>
    <testcase classname="components/FileUpload FilesWillUploadHook - should reject one file and allow one file" name="components/FileUpload FilesWillUploadHook - should reject one file and allow one file" time="0.002">
    </testcase>
  </testsuite>
  <testsuite name="components/PasswordResetSendLink" errors="0" failures="0" skipped="0" timestamp="2019-11-15T11:50:25" time="0.186" tests="2">
    <testcase classname="components/PasswordResetSendLink should match snapshot" name="components/PasswordResetSendLink should match snapshot" time="0.003">
    </testcase>
    <testcase classname="components/PasswordResetSendLink should calls sendPasswordResetEmail() action on submit" name="components/PasswordResetSendLink should calls sendPasswordResetEmail() action on submit" time="0.014">
    </testcase>
  </testsuite>
  <testsuite name="plugins/MainMenuActions" errors="0" failures="0" skipped="0" timestamp="2019-11-15T11:50:25" time="0.428" tests="1">
    <testcase classname="plugins/MainMenuActions should match snapshot and click plugin item for main menu" name="plugins/MainMenuActions should match snapshot and click plugin item for main menu" time="0.01">
    </testcase>
  </testsuite>
  <testsuite name="components/post_view/DateSeparator" errors="0" failures="0" skipped="0" timestamp="2019-11-15T11:50:25" time="0.147" tests="3">
    <testcase classname="components/post_view/DateSeparator should render date without timezone" name="components/post_view/DateSeparator should render date without timezone" time="0.011">
    </testcase>
    <testcase classname="components/post_view/DateSeparator should render date without timezone enabled" name="components/post_view/DateSeparator should render date without timezone enabled" time="0.003">
    </testcase>
    <testcase classname="components/post_view/DateSeparator should render date with timezone enabled" name="components/post_view/DateSeparator should render date with timezone enabled" time="0.003">
    </testcase>
  </testsuite>
</testsuites>